<?xml version="1.0" encoding="UTF-8"?>
<testsuite xmlns:xsi="http://www.w3.org/2001/XMLSchema-instance" xsi:noNamespaceSchemaLocation="https://maven.apache.org/surefire/maven-surefire-plugin/xsd/surefire-test-report-3.0.xsd" version="3.0" name="TestSuite" time="0.406" tests="8" errors="0" skipped="4" failures="4">
  <properties>
    <property name="java.specification.version" value="17"/>
    <property name="sun.cpu.isalist" value="amd64"/>
    <property name="sun.jnu.encoding" value="Cp1252"/>
    <property name="java.class.path" value="C:\Users\12037\OneDrive\Documents\PerfectoJavaSample-master\PerfectoJavaSample-master\target\test-classes;C:\Users\12037\OneDrive\Documents\PerfectoJavaSample-master\PerfectoJavaSample-master\target\classes;C:\Users\12037\.m2\repository\io\cucumber\cucumber-java\7.2.3\cucumber-java-7.2.3.jar;C:\Users\12037\.m2\repository\io\cucumber\cucumber-core\7.2.3\cucumber-core-7.2.3.jar;C:\Users\12037\.m2\repository\io\cucumber\cucumber-gherkin\7.2.3\cucumber-gherkin-7.2.3.jar;C:\Users\12037\.m2\repository\io\cucumber\cucumber-gherkin-messages\7.2.3\cucumber-gherkin-messages-7.2.3.jar;C:\Users\12037\.m2\repository\io\cucumber\messages\17.1.1\messages-17.1.1.jar;C:\Users\12037\.m2\repository\io\cucumber\tag-expressions\4.1.0\tag-expressions-4.1.0.jar;C:\Users\12037\.m2\repository\io\cucumber\cucumber-expressions\15.0.1\cucumber-expressions-15.0.1.jar;C:\Users\12037\.m2\repository\io\cucumber\datatable\7.2.3\datatable-7.2.3.jar;C:\Users\12037\.m2\repository\io\cucumber\cucumber-plugin\7.2.3\cucumber-plugin-7.2.3.jar;C:\Users\12037\.m2\repository\io\cucumber\docstring\7.2.3\docstring-7.2.3.jar;C:\Users\12037\.m2\repository\io\cucumber\html-formatter\17.0.0\html-formatter-17.0.0.jar;C:\Users\12037\.m2\repository\io\cucumber\ci-environment\8.1.0\ci-environment-8.1.0.jar;C:\Users\12037\.m2\repository\org\apiguardian\apiguardian-api\1.1.2\apiguardian-api-1.1.2.jar;C:\Users\12037\.m2\repository\io\github\bonigarcia\webdrivermanager\4.4.3\webdrivermanager-4.4.3.jar;C:\Users\12037\.m2\repository\com\google\code\gson\gson\2.8.6\gson-2.8.6.jar;C:\Users\12037\.m2\repository\org\apache\httpcomponents\client5\httpclient5\5.0.3\httpclient5-5.0.3.jar;C:\Users\12037\.m2\repository\org\apache\httpcomponents\core5\httpcore5\5.0.2\httpcore5-5.0.2.jar;C:\Users\12037\.m2\repository\org\apache\httpcomponents\core5\httpcore5-h2\5.0.2\httpcore5-h2-5.0.2.jar;C:\Users\12037\.m2\repository\commons-codec\commons-codec\1.13\commons-codec-1.13.jar;C:\Users\12037\.m2\repository\org\rauschig\jarchivelib\1.1.0\jarchivelib-1.1.0.jar;C:\Users\12037\.m2\repository\org\apache\commons\commons-compress\1.20\commons-compress-1.20.jar;C:\Users\12037\.m2\repository\org\jsoup\jsoup\1.13.1\jsoup-1.13.1.jar;C:\Users\12037\.m2\repository\io\cucumber\cucumber-junit\7.2.3\cucumber-junit-7.2.3.jar;C:\Users\12037\.m2\repository\org\testng\testng\6.9.10\testng-6.9.10.jar;C:\Users\12037\.m2\repository\com\beust\jcommander\1.48\jcommander-1.48.jar;C:\Users\12037\.m2\repository\org\beanshell\bsh\2.0b4\bsh-2.0b4.jar;C:\Users\12037\.m2\repository\org\seleniumhq\selenium\selenium-api\3.141.59\selenium-api-3.141.59.jar;C:\Users\12037\.m2\repository\org\seleniumhq\selenium\selenium-support\3.141.59\selenium-support-3.141.59.jar;C:\Users\12037\.m2\repository\org\seleniumhq\selenium\selenium-remote-driver\3.141.59\selenium-remote-driver-3.141.59.jar;C:\Users\12037\.m2\repository\net\bytebuddy\byte-buddy\1.8.15\byte-buddy-1.8.15.jar;C:\Users\12037\.m2\repository\org\apache\commons\commons-exec\1.3\commons-exec-1.3.jar;C:\Users\12037\.m2\repository\com\squareup\okhttp3\okhttp\3.11.0\okhttp-3.11.0.jar;C:\Users\12037\.m2\repository\com\squareup\okio\okio\1.14.0\okio-1.14.0.jar;C:\Users\12037\.m2\repository\org\seleniumhq\selenium\selenium-java\3.141.59\selenium-java-3.141.59.jar;C:\Users\12037\.m2\repository\org\seleniumhq\selenium\selenium-chrome-driver\3.141.59\selenium-chrome-driver-3.141.59.jar;C:\Users\12037\.m2\repository\org\seleniumhq\selenium\selenium-edge-driver\3.141.59\selenium-edge-driver-3.141.59.jar;C:\Users\12037\.m2\repository\org\seleniumhq\selenium\selenium-firefox-driver\3.141.59\selenium-firefox-driver-3.141.59.jar;C:\Users\12037\.m2\repository\org\seleniumhq\selenium\selenium-ie-driver\3.141.59\selenium-ie-driver-3.141.59.jar;C:\Users\12037\.m2\repository\org\seleniumhq\selenium\selenium-opera-driver\3.141.59\selenium-opera-driver-3.141.59.jar;C:\Users\12037\.m2\repository\org\seleniumhq\selenium\selenium-safari-driver\3.141.59\selenium-safari-driver-3.141.59.jar;C:\Users\12037\.m2\repository\io\appium\java-client\7.3.0\java-client-7.3.0.jar;C:\Users\12037\.m2\repository\org\apache\httpcomponents\httpclient\4.5.9\httpclient-4.5.9.jar;C:\Users\12037\.m2\repository\org\apache\httpcomponents\httpcore\4.4.11\httpcore-4.4.11.jar;C:\Users\12037\.m2\repository\commons-logging\commons-logging\1.2\commons-logging-1.2.jar;C:\Users\12037\.m2\repository\cglib\cglib\3.2.12\cglib-3.2.12.jar;C:\Users\12037\.m2\repository\org\ow2\asm\asm\7.1\asm-7.1.jar;C:\Users\12037\.m2\repository\commons-validator\commons-validator\1.6\commons-validator-1.6.jar;C:\Users\12037\.m2\repository\commons-beanutils\commons-beanutils\1.9.2\commons-beanutils-1.9.2.jar;C:\Users\12037\.m2\repository\commons-digester\commons-digester\1.8.1\commons-digester-1.8.1.jar;C:\Users\12037\.m2\repository\commons-collections\commons-collections\3.2.2\commons-collections-3.2.2.jar;C:\Users\12037\.m2\repository\org\springframework\spring-context\5.1.8.RELEASE\spring-context-5.1.8.RELEASE.jar;C:\Users\12037\.m2\repository\org\springframework\spring-aop\5.1.8.RELEASE\spring-aop-5.1.8.RELEASE.jar;C:\Users\12037\.m2\repository\org\springframework\spring-beans\5.1.8.RELEASE\spring-beans-5.1.8.RELEASE.jar;C:\Users\12037\.m2\repository\org\springframework\spring-core\5.1.8.RELEASE\spring-core-5.1.8.RELEASE.jar;C:\Users\12037\.m2\repository\org\springframework\spring-jcl\5.1.8.RELEASE\spring-jcl-5.1.8.RELEASE.jar;C:\Users\12037\.m2\repository\org\springframework\spring-expression\5.1.8.RELEASE\spring-expression-5.1.8.RELEASE.jar;C:\Users\12037\.m2\repository\org\aspectj\aspectjweaver\1.9.4\aspectjweaver-1.9.4.jar;C:\Users\12037\.m2\repository\com\perfectomobile\pm-webdriver\18.6.0.0\pm-webdriver-18.6.0.0.jar;C:\Users\12037\.m2\repository\com\perfectomobile\http-client\18.6.0.0\http-client-18.6.0.0.jar;C:\Users\12037\.m2\repository\org\dom4j\dom4j\2.1.3\dom4j-2.1.3.jar;C:\Users\12037\.m2\repository\jaxen\jaxen\1.1.6\jaxen-1.1.6.jar;C:\Users\12037\.m2\repository\org\apache\commons\commons-lang3\3.12.0\commons-lang3-3.12.0.jar;C:\Users\12037\.m2\repository\commons-io\commons-io\2.7\commons-io-2.7.jar;C:\Users\12037\.m2\repository\ch\qos\logback\logback-classic\1.2.3\logback-classic-1.2.3.jar;C:\Users\12037\.m2\repository\ch\qos\logback\logback-core\1.2.3\logback-core-1.2.3.jar;C:\Users\12037\.m2\repository\org\slf4j\slf4j-api\1.7.16\slf4j-api-1.7.16.jar;C:\Users\12037\.m2\repository\com\fasterxml\jackson\core\jackson-core\2.13.3\jackson-core-2.13.3.jar;C:\Users\12037\.m2\repository\com\fasterxml\jackson\core\jackson-databind\2.13.3\jackson-databind-2.13.3.jar;C:\Users\12037\.m2\repository\com\fasterxml\jackson\core\jackson-annotations\2.13.3\jackson-annotations-2.13.3.jar;C:\Users\12037\.m2\repository\com\google\guava\guava\31.1-jre\guava-31.1-jre.jar;C:\Users\12037\.m2\repository\com\google\guava\failureaccess\1.0.1\failureaccess-1.0.1.jar;C:\Users\12037\.m2\repository\com\google\guava\listenablefuture\9999.0-empty-to-avoid-conflict-with-guava\listenablefuture-9999.0-empty-to-avoid-conflict-with-guava.jar;C:\Users\12037\.m2\repository\com\google\code\findbugs\jsr305\3.0.2\jsr305-3.0.2.jar;C:\Users\12037\.m2\repository\org\checkerframework\checker-qual\3.12.0\checker-qual-3.12.0.jar;C:\Users\12037\.m2\repository\com\google\errorprone\error_prone_annotations\2.11.0\error_prone_annotations-2.11.0.jar;C:\Users\12037\.m2\repository\com\google\j2objc\j2objc-annotations\1.3\j2objc-annotations-1.3.jar;C:\Users\12037\.m2\repository\org\apache\httpcomponents\httpmime\4.5.13\httpmime-4.5.13.jar;C:\Users\12037\.m2\repository\org\json\json\20210307\json-20210307.jar;C:\Users\12037\.m2\repository\com\perfecto\reporting-sdk\reportium-java\2.3.4\reportium-java-2.3.4.jar;C:\Users\12037\.m2\repository\com\perfecto\reporting-sdk\reportium-testng\2.3.4\reportium-testng-2.3.4.jar;C:\Users\12037\.m2\repository\junit\junit\4.12\junit-4.12.jar;C:\Users\12037\.m2\repository\org\hamcrest\hamcrest-core\1.3\hamcrest-core-1.3.jar;"/>
    <property name="java.vm.vendor" value="Oracle Corporation"/>
    <property name="sun.arch.data.model" value="64"/>
    <property name="user.variant" value=""/>
    <property name="java.vendor.url" value="https://java.oracle.com/"/>
    <property name="user.timezone" value="America/New_York"/>
    <property name="os.name" value="Windows 10"/>
    <property name="java.vm.specification.version" value="17"/>
    <property name="sun.java.launcher" value="SUN_STANDARD"/>
    <property name="user.country" value="US"/>
    <property name="application.properties.file" value="resources/application.properties"/>
    <property name="sun.boot.library.path" value="C:\Users\12037\.jdks\openjdk-17.0.1\bin"/>
    <property name="sun.java.command" value="C:\Users\12037\AppData\Local\Temp\surefire16719225338652517004\surefirebooter12933195703722844939.jar C:\Users\12037\AppData\Local\Temp\surefire16719225338652517004 2022-07-13T15-56-33_370-jvmRun1 surefire16607053749466696902tmp surefire_017596985712118797919tmp"/>
    <property name="jdk.debug" value="release"/>
    <property name="surefire.test.class.path" value="C:\Users\12037\OneDrive\Documents\PerfectoJavaSample-master\PerfectoJavaSample-master\target\test-classes;C:\Users\12037\OneDrive\Documents\PerfectoJavaSample-master\PerfectoJavaSample-master\target\classes;C:\Users\12037\.m2\repository\io\cucumber\cucumber-java\7.2.3\cucumber-java-7.2.3.jar;C:\Users\12037\.m2\repository\io\cucumber\cucumber-core\7.2.3\cucumber-core-7.2.3.jar;C:\Users\12037\.m2\repository\io\cucumber\cucumber-gherkin\7.2.3\cucumber-gherkin-7.2.3.jar;C:\Users\12037\.m2\repository\io\cucumber\cucumber-gherkin-messages\7.2.3\cucumber-gherkin-messages-7.2.3.jar;C:\Users\12037\.m2\repository\io\cucumber\messages\17.1.1\messages-17.1.1.jar;C:\Users\12037\.m2\repository\io\cucumber\tag-expressions\4.1.0\tag-expressions-4.1.0.jar;C:\Users\12037\.m2\repository\io\cucumber\cucumber-expressions\15.0.1\cucumber-expressions-15.0.1.jar;C:\Users\12037\.m2\repository\io\cucumber\datatable\7.2.3\datatable-7.2.3.jar;C:\Users\12037\.m2\repository\io\cucumber\cucumber-plugin\7.2.3\cucumber-plugin-7.2.3.jar;C:\Users\12037\.m2\repository\io\cucumber\docstring\7.2.3\docstring-7.2.3.jar;C:\Users\12037\.m2\repository\io\cucumber\html-formatter\17.0.0\html-formatter-17.0.0.jar;C:\Users\12037\.m2\repository\io\cucumber\ci-environment\8.1.0\ci-environment-8.1.0.jar;C:\Users\12037\.m2\repository\org\apiguardian\apiguardian-api\1.1.2\apiguardian-api-1.1.2.jar;C:\Users\12037\.m2\repository\io\github\bonigarcia\webdrivermanager\4.4.3\webdrivermanager-4.4.3.jar;C:\Users\12037\.m2\repository\com\google\code\gson\gson\2.8.6\gson-2.8.6.jar;C:\Users\12037\.m2\repository\org\apache\httpcomponents\client5\httpclient5\5.0.3\httpclient5-5.0.3.jar;C:\Users\12037\.m2\repository\org\apache\httpcomponents\core5\httpcore5\5.0.2\httpcore5-5.0.2.jar;C:\Users\12037\.m2\repository\org\apache\httpcomponents\core5\httpcore5-h2\5.0.2\httpcore5-h2-5.0.2.jar;C:\Users\12037\.m2\repository\commons-codec\commons-codec\1.13\commons-codec-1.13.jar;C:\Users\12037\.m2\repository\org\rauschig\jarchivelib\1.1.0\jarchivelib-1.1.0.jar;C:\Users\12037\.m2\repository\org\apache\commons\commons-compress\1.20\commons-compress-1.20.jar;C:\Users\12037\.m2\repository\org\jsoup\jsoup\1.13.1\jsoup-1.13.1.jar;C:\Users\12037\.m2\repository\io\cucumber\cucumber-junit\7.2.3\cucumber-junit-7.2.3.jar;C:\Users\12037\.m2\repository\org\testng\testng\6.9.10\testng-6.9.10.jar;C:\Users\12037\.m2\repository\com\beust\jcommander\1.48\jcommander-1.48.jar;C:\Users\12037\.m2\repository\org\beanshell\bsh\2.0b4\bsh-2.0b4.jar;C:\Users\12037\.m2\repository\org\seleniumhq\selenium\selenium-api\3.141.59\selenium-api-3.141.59.jar;C:\Users\12037\.m2\repository\org\seleniumhq\selenium\selenium-support\3.141.59\selenium-support-3.141.59.jar;C:\Users\12037\.m2\repository\org\seleniumhq\selenium\selenium-remote-driver\3.141.59\selenium-remote-driver-3.141.59.jar;C:\Users\12037\.m2\repository\net\bytebuddy\byte-buddy\1.8.15\byte-buddy-1.8.15.jar;C:\Users\12037\.m2\repository\org\apache\commons\commons-exec\1.3\commons-exec-1.3.jar;C:\Users\12037\.m2\repository\com\squareup\okhttp3\okhttp\3.11.0\okhttp-3.11.0.jar;C:\Users\12037\.m2\repository\com\squareup\okio\okio\1.14.0\okio-1.14.0.jar;C:\Users\12037\.m2\repository\org\seleniumhq\selenium\selenium-java\3.141.59\selenium-java-3.141.59.jar;C:\Users\12037\.m2\repository\org\seleniumhq\selenium\selenium-chrome-driver\3.141.59\selenium-chrome-driver-3.141.59.jar;C:\Users\12037\.m2\repository\org\seleniumhq\selenium\selenium-edge-driver\3.141.59\selenium-edge-driver-3.141.59.jar;C:\Users\12037\.m2\repository\org\seleniumhq\selenium\selenium-firefox-driver\3.141.59\selenium-firefox-driver-3.141.59.jar;C:\Users\12037\.m2\repository\org\seleniumhq\selenium\selenium-ie-driver\3.141.59\selenium-ie-driver-3.141.59.jar;C:\Users\12037\.m2\repository\org\seleniumhq\selenium\selenium-opera-driver\3.141.59\selenium-opera-driver-3.141.59.jar;C:\Users\12037\.m2\repository\org\seleniumhq\selenium\selenium-safari-driver\3.141.59\selenium-safari-driver-3.141.59.jar;C:\Users\12037\.m2\repository\io\appium\java-client\7.3.0\java-client-7.3.0.jar;C:\Users\12037\.m2\repository\org\apache\httpcomponents\httpclient\4.5.9\httpclient-4.5.9.jar;C:\Users\12037\.m2\repository\org\apache\httpcomponents\httpcore\4.4.11\httpcore-4.4.11.jar;C:\Users\12037\.m2\repository\commons-logging\commons-logging\1.2\commons-logging-1.2.jar;C:\Users\12037\.m2\repository\cglib\cglib\3.2.12\cglib-3.2.12.jar;C:\Users\12037\.m2\repository\org\ow2\asm\asm\7.1\asm-7.1.jar;C:\Users\12037\.m2\repository\commons-validator\commons-validator\1.6\commons-validator-1.6.jar;C:\Users\12037\.m2\repository\commons-beanutils\commons-beanutils\1.9.2\commons-beanutils-1.9.2.jar;C:\Users\12037\.m2\repository\commons-digester\commons-digester\1.8.1\commons-digester-1.8.1.jar;C:\Users\12037\.m2\repository\commons-collections\commons-collections\3.2.2\commons-collections-3.2.2.jar;C:\Users\12037\.m2\repository\org\springframework\spring-context\5.1.8.RELEASE\spring-context-5.1.8.RELEASE.jar;C:\Users\12037\.m2\repository\org\springframework\spring-aop\5.1.8.RELEASE\spring-aop-5.1.8.RELEASE.jar;C:\Users\12037\.m2\repository\org\springframework\spring-beans\5.1.8.RELEASE\spring-beans-5.1.8.RELEASE.jar;C:\Users\12037\.m2\repository\org\springframework\spring-core\5.1.8.RELEASE\spring-core-5.1.8.RELEASE.jar;C:\Users\12037\.m2\repository\org\springframework\spring-jcl\5.1.8.RELEASE\spring-jcl-5.1.8.RELEASE.jar;C:\Users\12037\.m2\repository\org\springframework\spring-expression\5.1.8.RELEASE\spring-expression-5.1.8.RELEASE.jar;C:\Users\12037\.m2\repository\org\aspectj\aspectjweaver\1.9.4\aspectjweaver-1.9.4.jar;C:\Users\12037\.m2\repository\com\perfectomobile\pm-webdriver\18.6.0.0\pm-webdriver-18.6.0.0.jar;C:\Users\12037\.m2\repository\com\perfectomobile\http-client\18.6.0.0\http-client-18.6.0.0.jar;C:\Users\12037\.m2\repository\org\dom4j\dom4j\2.1.3\dom4j-2.1.3.jar;C:\Users\12037\.m2\repository\jaxen\jaxen\1.1.6\jaxen-1.1.6.jar;C:\Users\12037\.m2\repository\org\apache\commons\commons-lang3\3.12.0\commons-lang3-3.12.0.jar;C:\Users\12037\.m2\repository\commons-io\commons-io\2.7\commons-io-2.7.jar;C:\Users\12037\.m2\repository\ch\qos\logback\logback-classic\1.2.3\logback-classic-1.2.3.jar;C:\Users\12037\.m2\repository\ch\qos\logback\logback-core\1.2.3\logback-core-1.2.3.jar;C:\Users\12037\.m2\repository\org\slf4j\slf4j-api\1.7.16\slf4j-api-1.7.16.jar;C:\Users\12037\.m2\repository\com\fasterxml\jackson\core\jackson-core\2.13.3\jackson-core-2.13.3.jar;C:\Users\12037\.m2\repository\com\fasterxml\jackson\core\jackson-databind\2.13.3\jackson-databind-2.13.3.jar;C:\Users\12037\.m2\repository\com\fasterxml\jackson\core\jackson-annotations\2.13.3\jackson-annotations-2.13.3.jar;C:\Users\12037\.m2\repository\com\google\guava\guava\31.1-jre\guava-31.1-jre.jar;C:\Users\12037\.m2\repository\com\google\guava\failureaccess\1.0.1\failureaccess-1.0.1.jar;C:\Users\12037\.m2\repository\com\google\guava\listenablefuture\9999.0-empty-to-avoid-conflict-with-guava\listenablefuture-9999.0-empty-to-avoid-conflict-with-guava.jar;C:\Users\12037\.m2\repository\com\google\code\findbugs\jsr305\3.0.2\jsr305-3.0.2.jar;C:\Users\12037\.m2\repository\org\checkerframework\checker-qual\3.12.0\checker-qual-3.12.0.jar;C:\Users\12037\.m2\repository\com\google\errorprone\error_prone_annotations\2.11.0\error_prone_annotations-2.11.0.jar;C:\Users\12037\.m2\repository\com\google\j2objc\j2objc-annotations\1.3\j2objc-annotations-1.3.jar;C:\Users\12037\.m2\repository\org\apache\httpcomponents\httpmime\4.5.13\httpmime-4.5.13.jar;C:\Users\12037\.m2\repository\org\json\json\20210307\json-20210307.jar;C:\Users\12037\.m2\repository\com\perfecto\reporting-sdk\reportium-java\2.3.4\reportium-java-2.3.4.jar;C:\Users\12037\.m2\repository\com\perfecto\reporting-sdk\reportium-testng\2.3.4\reportium-testng-2.3.4.jar;C:\Users\12037\.m2\repository\junit\junit\4.12\junit-4.12.jar;C:\Users\12037\.m2\repository\org\hamcrest\hamcrest-core\1.3\hamcrest-core-1.3.jar;"/>
    <property name="sun.cpu.endian" value="little"/>
    <property name="user.home" value="C:\Users\12037"/>
    <property name="user.language" value="en"/>
    <property name="java.specification.vendor" value="Oracle Corporation"/>
    <property name="java.version.date" value="2021-10-19"/>
    <property name="java.home" value="C:\Users\12037\.jdks\openjdk-17.0.1"/>
    <property name="file.separator" value="\"/>
    <property name="basedir" value="C:\Users\12037\OneDrive\Documents\PerfectoJavaSample-master\PerfectoJavaSample-master"/>
    <property name="java.vm.compressedOopsMode" value="Zero based"/>
    <property name="line.separator" value="&#10;"/>
    <property name="java.vm.specification.vendor" value="Oracle Corporation"/>
    <property name="java.specification.name" value="Java Platform API Specification"/>
    <property name="surefire.real.class.path" value="C:\Users\12037\AppData\Local\Temp\surefire16719225338652517004\surefirebooter12933195703722844939.jar"/>
    <property name="user.script" value=""/>
    <property name="sun.management.compiler" value="HotSpot 64-Bit Tiered Compilers"/>
    <property name="java.runtime.version" value="17.0.1+12-39"/>
    <property name="user.name" value="12037"/>
    <property name="path.separator" value=";"/>
    <property name="os.version" value="10.0"/>
    <property name="java.runtime.name" value="OpenJDK Runtime Environment"/>
    <property name="file.encoding" value="UTF-8"/>
    <property name="java.vm.name" value="OpenJDK 64-Bit Server VM"/>
    <property name="localRepository" value="C:\Users\12037\.m2\repository"/>
    <property name="java.vendor.url.bug" value="https://bugreport.java.com/bugreport/"/>
    <property name="java.io.tmpdir" value="C:\Users\12037\AppData\Local\Temp\"/>
    <property name="idea.version" value="2021.2.3"/>
    <property name="java.version" value="17.0.1"/>
    <property name="user.dir" value="C:\Users\12037\OneDrive\Documents\PerfectoJavaSample-master\PerfectoJavaSample-master"/>
    <property name="os.arch" value="amd64"/>
    <property name="java.vm.specification.name" value="Java Virtual Machine Specification"/>
    <property name="sun.os.patch.level" value=""/>
    <property name="native.encoding" value="Cp1252"/>
    <property name="java.library.path" value="C:\Users\12037\.jdks\openjdk-17.0.1\bin;C:\Windows\Sun\Java\bin;C:\Windows\system32;C:\Windows;C:\Program Files (x86)\Common Files\Oracle\Java\javapath;C:\Windows\system32;C:\Windows;C:\Windows\System32\Wbem;C:\Windows\System32\WindowsPowerShell\v1.0\;C:\Windows\System32\OpenSSH\;C:\Program Files\NVIDIA Corporation\NVIDIA NvDLISR;C:\Program Files (x86)\NVIDIA Corporation\PhysX\Common;C:\Program Files\Java\jdk1.8.0_301\bin;C:\Program Files\Git\cmd;C:\Program Files\apache-maven-3.8.4-bin\apache-maven-3.8.4\bin;C:\Users\12037\AppData\Local\Microsoft\WindowsApps;;."/>
    <property name="java.vm.info" value="mixed mode, sharing"/>
    <property name="java.vendor" value="Oracle Corporation"/>
    <property name="java.vm.version" value="17.0.1+12-39"/>
    <property name="sun.io.unicode.encoding" value="UnicodeLittle"/>
    <property name="java.class.version" value="61.0"/>
  </properties>
  <testcase name="appiumTest" classname="com.perfecto.sampleproject.PerfectoAppium" time="0.007">
    <failure message="Please replace &lt;&lt;cloud name&gt;&gt; with your perfecto cloud name (e.g. demo) or pass it as maven properties: -DcloudName=&lt;&lt;cloud name&gt;&gt;" type="java.lang.Exception"><![CDATA[java.lang.Exception: Please replace <<cloud name>> with your perfecto cloud name (e.g. demo) or pass it as maven properties: -DcloudName=<<cloud name>>
	at com.perfecto.sampleproject.PerfectoAppium.appiumTest(PerfectoAppium.java:34)
]]></failure>
  </testcase>
  <testcase name="afterMethod[[TestResult name=appiumTest status=FAILURE method=PerfectoAppium.appiumTest()[pri:0, instance:com.perfecto.sampleproject.PerfectoAppium@43ee72e6] output={null}]](0)" classname="com.perfecto.sampleproject.PerfectoAppium" time="0.014">
    <failure message="Cannot invoke &quot;com.perfecto.reportium.client.ReportiumClient.testStop(com.perfecto.reportium.test.result.TestResult)&quot; because &quot;this.reportiumClient&quot; is null" type="java.lang.NullPointerException"><![CDATA[java.lang.NullPointerException: Cannot invoke "com.perfecto.reportium.client.ReportiumClient.testStop(com.perfecto.reportium.test.result.TestResult)" because "this.reportiumClient" is null
	at com.perfecto.sampleproject.PerfectoAppium.afterMethod(PerfectoAppium.java:98)
]]></failure>
  </testcase>
  <testcase name="androidTest" classname="com.perfecto.sampleproject.PerfectoSelenium" time="0.011">
    <failure message="Please replace &lt;&lt;security token&gt;&gt; with your perfecto security token or pass it as maven properties: -DsecurityToken=&lt;&lt;SECURITY TOKEN&gt;&gt;" type="java.lang.Exception"><![CDATA[java.lang.Exception: Please replace <<security token>> with your perfecto security token or pass it as maven properties: -DsecurityToken=<<SECURITY TOKEN>>
	at com.perfecto.sampleproject.PerfectoSelenium.androidTest(PerfectoSelenium.java:39)
]]></failure>
  </testcase>
  <testcase name="afterMethod[[TestResult name=androidTest status=FAILURE method=PerfectoSelenium.androidTest()[pri:0, instance:com.perfecto.sampleproject.PerfectoSelenium@15b204a1] output={null}]](0)" classname="com.perfecto.sampleproject.PerfectoSelenium" time="0.014">
    <failure message="Cannot invoke &quot;com.perfecto.reportium.client.ReportiumClient.testStop(com.perfecto.reportium.test.result.TestResult)&quot; because &quot;this.reportiumClient&quot; is null" type="java.lang.NullPointerException"><![CDATA[java.lang.NullPointerException: Cannot invoke "com.perfecto.reportium.client.ReportiumClient.testStop(com.perfecto.reportium.test.result.TestResult)" because "this.reportiumClient" is null
	at com.perfecto.sampleproject.PerfectoSelenium.afterMethod(PerfectoSelenium.java:128)
]]></failure>
  </testcase>
  <testcase name="iOSTest" classname="com.perfecto.sampleproject.PerfectoSelenium" time="0">
    <skipped/>
  </testcase>
  <testcase name="afterMethod" classname="com.perfecto.sampleproject.PerfectoSelenium" time="0">
    <skipped/>
  </testcase>
  <testcase name="afterMethod" classname="com.perfecto.sampleproject.PerfectoSelenium" time="0">
    <skipped/>
  </testcase>
  <testcase name="webTest" classname="com.perfecto.sampleproject.PerfectoSelenium" time="0">
    <skipped/>
  </testcase>
</testsuite>